{"E:\\React\\todo-app\\server\\index.js": {"path":"E:\\React\\todo-app\\server\\index.js","statementMap":{"0":{"start":{"line":10,"column":0},"end":{"line":10,"column":16}},"1":{"start":{"line":11,"column":0},"end":{"line":11,"column":12}},"2":{"start":{"line":13,"column":12},"end":{"line":13,"column":21}},"3":{"start":{"line":16,"column":0},"end":{"line":16,"column":16}},"4":{"start":{"line":17,"column":0},"end":{"line":17,"column":24}},"5":{"start":{"line":19,"column":0},"end":{"line":19,"column":47}},"6":{"start":{"line":23,"column":0},"end":{"line":23,"column":47}},"7":{"start":{"line":24,"column":0},"end":{"line":24,"column":34}},"8":{"start":{"line":28,"column":13},"end":{"line":28,"column":37}},"9":{"start":{"line":29,"column":0},"end":{"line":29,"column":70}},"10":{"start":{"line":29,"column":23},"end":{"line":29,"column":68}}},"fnMap":{"0":{"name":"(anonymous_0)","decl":{"start":{"line":29,"column":17},"end":{"line":29,"column":18}},"loc":{"start":{"line":29,"column":23},"end":{"line":29,"column":68}},"line":29}},"branchMap":{"0":{"loc":{"start":{"line":28,"column":13},"end":{"line":28,"column":37}},"type":"binary-expr","locations":[{"start":{"line":28,"column":13},"end":{"line":28,"column":29}},{"start":{"line":28,"column":33},"end":{"line":28,"column":37}}],"line":28}},"s":{"0":2,"1":2,"2":2,"3":2,"4":2,"5":2,"6":2,"7":2,"8":2,"9":2,"10":2},"f":{"0":2},"b":{"0":[2,0]},"inputSourceMap":null,"_coverageSchema":"1a1c01bbd47fc00a2c39e90264f33305004495a9","hash":"6d00671399fc8443eb2f4abd09e0ee3aba0c8116"}
,"E:\\React\\todo-app\\server\\config\\db.js": {"path":"E:\\React\\todo-app\\server\\config\\db.js","statementMap":{"0":{"start":{"line":3,"column":18},"end":{"line":11,"column":1}},"1":{"start":{"line":4,"column":2},"end":{"line":10,"column":3}},"2":{"start":{"line":5,"column":4},"end":{"line":5,"column":50}},"3":{"start":{"line":6,"column":4},"end":{"line":6,"column":37}},"4":{"start":{"line":8,"column":4},"end":{"line":8,"column":63}},"5":{"start":{"line":9,"column":4},"end":{"line":9,"column":20}}},"fnMap":{"0":{"name":"(anonymous_0)","decl":{"start":{"line":3,"column":18},"end":{"line":3,"column":19}},"loc":{"start":{"line":3,"column":30},"end":{"line":11,"column":1}},"line":3}},"branchMap":{},"s":{"0":2,"1":2,"2":2,"3":2,"4":0,"5":0},"f":{"0":2},"b":{},"inputSourceMap":null,"_coverageSchema":"1a1c01bbd47fc00a2c39e90264f33305004495a9","hash":"387c96072b46c1f2c96b983b4a49fa900ab3e862"}
,"E:\\React\\todo-app\\server\\controllers\\authController.js": {"path":"E:\\React\\todo-app\\server\\controllers\\authController.js","statementMap":{"0":{"start":{"line":5,"column":28},"end":{"line":24,"column":1}},"1":{"start":{"line":6,"column":36},"end":{"line":6,"column":44}},"2":{"start":{"line":8,"column":2},"end":{"line":23,"column":3}},"3":{"start":{"line":9,"column":23},"end":{"line":9,"column":52}},"4":{"start":{"line":10,"column":4},"end":{"line":10,"column":84}},"5":{"start":{"line":10,"column":20},"end":{"line":10,"column":84}},"6":{"start":{"line":12,"column":27},"end":{"line":12,"column":58}},"7":{"start":{"line":13,"column":17},"end":{"line":13,"column":77}},"8":{"start":{"line":15,"column":4},"end":{"line":20,"column":7}},"9":{"start":{"line":22,"column":4},"end":{"line":22,"column":81}},"10":{"start":{"line":26,"column":25},"end":{"line":45,"column":1}},"11":{"start":{"line":27,"column":30},"end":{"line":27,"column":38}},"12":{"start":{"line":29,"column":2},"end":{"line":44,"column":3}},"13":{"start":{"line":30,"column":17},"end":{"line":30,"column":46}},"14":{"start":{"line":31,"column":4},"end":{"line":31,"column":85}},"15":{"start":{"line":31,"column":15},"end":{"line":31,"column":85}},"16":{"start":{"line":33,"column":20},"end":{"line":33,"column":65}},"17":{"start":{"line":34,"column":4},"end":{"line":34,"column":88}},"18":{"start":{"line":34,"column":18},"end":{"line":34,"column":88}},"19":{"start":{"line":36,"column":4},"end":{"line":41,"column":7}},"20":{"start":{"line":43,"column":4},"end":{"line":43,"column":74}}},"fnMap":{"0":{"name":"(anonymous_0)","decl":{"start":{"line":5,"column":28},"end":{"line":5,"column":29}},"loc":{"start":{"line":5,"column":48},"end":{"line":24,"column":1}},"line":5},"1":{"name":"(anonymous_1)","decl":{"start":{"line":26,"column":25},"end":{"line":26,"column":26}},"loc":{"start":{"line":26,"column":45},"end":{"line":45,"column":1}},"line":26}},"branchMap":{"0":{"loc":{"start":{"line":10,"column":4},"end":{"line":10,"column":84}},"type":"if","locations":[{"start":{"line":10,"column":4},"end":{"line":10,"column":84}},{"start":{},"end":{}}],"line":10},"1":{"loc":{"start":{"line":31,"column":4},"end":{"line":31,"column":85}},"type":"if","locations":[{"start":{"line":31,"column":4},"end":{"line":31,"column":85}},{"start":{},"end":{}}],"line":31},"2":{"loc":{"start":{"line":34,"column":4},"end":{"line":34,"column":88}},"type":"if","locations":[{"start":{"line":34,"column":4},"end":{"line":34,"column":88}},{"start":{},"end":{}}],"line":34}},"s":{"0":2,"1":1,"2":1,"3":1,"4":1,"5":0,"6":1,"7":1,"8":1,"9":0,"10":2,"11":2,"12":2,"13":2,"14":2,"15":0,"16":2,"17":2,"18":0,"19":2,"20":0},"f":{"0":1,"1":2},"b":{"0":[0,1],"1":[0,2],"2":[0,2]},"inputSourceMap":null,"_coverageSchema":"1a1c01bbd47fc00a2c39e90264f33305004495a9","hash":"55135eb9ed069715bfe87784c271eb93b7f1bb08"}
,"E:\\React\\todo-app\\server\\controllers\\taskController.js": {"path":"E:\\React\\todo-app\\server\\controllers\\taskController.js","statementMap":{"0":{"start":{"line":4,"column":26},"end":{"line":26,"column":1}},"1":{"start":{"line":7,"column":2},"end":{"line":25,"column":3}},"2":{"start":{"line":8,"column":60},"end":{"line":8,"column":68}},"3":{"start":{"line":9,"column":21},"end":{"line":9,"column":52}},"4":{"start":{"line":11,"column":17},"end":{"line":19,"column":6}},"5":{"start":{"line":17,"column":44},"end":{"line":17,"column":52}},"6":{"start":{"line":21,"column":4},"end":{"line":21,"column":31}},"7":{"start":{"line":23,"column":4},"end":{"line":23,"column":47}},"8":{"start":{"line":24,"column":4},"end":{"line":24,"column":83}},"9":{"start":{"line":40,"column":24},"end":{"line":56,"column":1}},"10":{"start":{"line":41,"column":2},"end":{"line":55,"column":3}},"11":{"start":{"line":42,"column":18},"end":{"line":49,"column":28}},"12":{"start":{"line":51,"column":4},"end":{"line":51,"column":32}},"13":{"start":{"line":53,"column":4},"end":{"line":53,"column":48}},"14":{"start":{"line":54,"column":4},"end":{"line":54,"column":61}},"15":{"start":{"line":59,"column":26},"end":{"line":86,"column":1}},"16":{"start":{"line":60,"column":2},"end":{"line":85,"column":3}},"17":{"start":{"line":61,"column":25},"end":{"line":63,"column":5}},"18":{"start":{"line":66,"column":4},"end":{"line":68,"column":5}},"19":{"start":{"line":67,"column":6},"end":{"line":67,"column":40}},"20":{"start":{"line":71,"column":4},"end":{"line":73,"column":5}},"21":{"start":{"line":72,"column":6},"end":{"line":72,"column":78}},"22":{"start":{"line":72,"column":66},"end":{"line":72,"column":76}},"23":{"start":{"line":75,"column":17},"end":{"line":79,"column":5}},"24":{"start":{"line":81,"column":4},"end":{"line":81,"column":74}},"25":{"start":{"line":81,"column":15},"end":{"line":81,"column":74}},"26":{"start":{"line":82,"column":4},"end":{"line":82,"column":31}},"27":{"start":{"line":84,"column":4},"end":{"line":84,"column":75}},"28":{"start":{"line":89,"column":26},"end":{"line":97,"column":1}},"29":{"start":{"line":90,"column":2},"end":{"line":96,"column":3}},"30":{"start":{"line":91,"column":17},"end":{"line":91,"column":87}},"31":{"start":{"line":92,"column":4},"end":{"line":92,"column":74}},"32":{"start":{"line":92,"column":15},"end":{"line":92,"column":74}},"33":{"start":{"line":93,"column":4},"end":{"line":93,"column":54}},"34":{"start":{"line":95,"column":4},"end":{"line":95,"column":75}},"35":{"start":{"line":102,"column":25},"end":{"line":126,"column":1}},"36":{"start":{"line":103,"column":20},"end":{"line":103,"column":28}},"37":{"start":{"line":105,"column":2},"end":{"line":125,"column":3}},"38":{"start":{"line":106,"column":23},"end":{"line":106,"column":52}},"39":{"start":{"line":107,"column":4},"end":{"line":109,"column":5}},"40":{"start":{"line":108,"column":6},"end":{"line":108,"column":63}},"41":{"start":{"line":111,"column":17},"end":{"line":115,"column":5}},"42":{"start":{"line":117,"column":4},"end":{"line":119,"column":5}},"43":{"start":{"line":118,"column":6},"end":{"line":118,"column":82}},"44":{"start":{"line":121,"column":4},"end":{"line":121,"column":72}},"45":{"start":{"line":123,"column":4},"end":{"line":123,"column":46}},"46":{"start":{"line":124,"column":4},"end":{"line":124,"column":71}}},"fnMap":{"0":{"name":"(anonymous_0)","decl":{"start":{"line":4,"column":26},"end":{"line":4,"column":27}},"loc":{"start":{"line":4,"column":46},"end":{"line":26,"column":1}},"line":4},"1":{"name":"(anonymous_1)","decl":{"start":{"line":17,"column":39},"end":{"line":17,"column":40}},"loc":{"start":{"line":17,"column":44},"end":{"line":17,"column":52}},"line":17},"2":{"name":"(anonymous_2)","decl":{"start":{"line":40,"column":24},"end":{"line":40,"column":25}},"loc":{"start":{"line":40,"column":44},"end":{"line":56,"column":1}},"line":40},"3":{"name":"(anonymous_3)","decl":{"start":{"line":59,"column":26},"end":{"line":59,"column":27}},"loc":{"start":{"line":59,"column":46},"end":{"line":86,"column":1}},"line":59},"4":{"name":"(anonymous_4)","decl":{"start":{"line":72,"column":59},"end":{"line":72,"column":60}},"loc":{"start":{"line":72,"column":66},"end":{"line":72,"column":76}},"line":72},"5":{"name":"(anonymous_5)","decl":{"start":{"line":89,"column":26},"end":{"line":89,"column":27}},"loc":{"start":{"line":89,"column":46},"end":{"line":97,"column":1}},"line":89},"6":{"name":"(anonymous_6)","decl":{"start":{"line":102,"column":25},"end":{"line":102,"column":26}},"loc":{"start":{"line":102,"column":45},"end":{"line":126,"column":1}},"line":102}},"branchMap":{"0":{"loc":{"start":{"line":9,"column":21},"end":{"line":9,"column":52}},"type":"cond-expr","locations":[{"start":{"line":9,"column":32},"end":{"line":9,"column":45}},{"start":{"line":9,"column":48},"end":{"line":9,"column":52}}],"line":9},"1":{"loc":{"start":{"line":17,"column":12},"end":{"line":17,"column":58}},"type":"cond-expr","locations":[{"start":{"line":17,"column":19},"end":{"line":17,"column":53}},{"start":{"line":17,"column":56},"end":{"line":17,"column":58}}],"line":17},"2":{"loc":{"start":{"line":66,"column":4},"end":{"line":68,"column":5}},"type":"if","locations":[{"start":{"line":66,"column":4},"end":{"line":68,"column":5}},{"start":{},"end":{}}],"line":66},"3":{"loc":{"start":{"line":71,"column":4},"end":{"line":73,"column":5}},"type":"if","locations":[{"start":{"line":71,"column":4},"end":{"line":73,"column":5}},{"start":{},"end":{}}],"line":71},"4":{"loc":{"start":{"line":71,"column":8},"end":{"line":71,"column":66}},"type":"binary-expr","locations":[{"start":{"line":71,"column":8},"end":{"line":71,"column":25}},{"start":{"line":71,"column":29},"end":{"line":71,"column":66}}],"line":71},"5":{"loc":{"start":{"line":81,"column":4},"end":{"line":81,"column":74}},"type":"if","locations":[{"start":{"line":81,"column":4},"end":{"line":81,"column":74}},{"start":{},"end":{}}],"line":81},"6":{"loc":{"start":{"line":92,"column":4},"end":{"line":92,"column":74}},"type":"if","locations":[{"start":{"line":92,"column":4},"end":{"line":92,"column":74}},{"start":{},"end":{}}],"line":92},"7":{"loc":{"start":{"line":107,"column":4},"end":{"line":109,"column":5}},"type":"if","locations":[{"start":{"line":107,"column":4},"end":{"line":109,"column":5}},{"start":{},"end":{}}],"line":107},"8":{"loc":{"start":{"line":117,"column":4},"end":{"line":119,"column":5}},"type":"if","locations":[{"start":{"line":117,"column":4},"end":{"line":119,"column":5}},{"start":{},"end":{}}],"line":117}},"s":{"0":2,"1":1,"2":1,"3":1,"4":1,"5":0,"6":1,"7":0,"8":0,"9":2,"10":1,"11":1,"12":1,"13":0,"14":0,"15":2,"16":1,"17":1,"18":1,"19":0,"20":1,"21":0,"22":0,"23":1,"24":1,"25":0,"26":1,"27":0,"28":2,"29":1,"30":1,"31":1,"32":0,"33":1,"34":0,"35":2,"36":0,"37":0,"38":0,"39":0,"40":0,"41":0,"42":0,"43":0,"44":0,"45":0,"46":0},"f":{"0":1,"1":0,"2":1,"3":1,"4":0,"5":1,"6":0},"b":{"0":[0,1],"1":[0,1],"2":[0,1],"3":[0,1],"4":[1,0],"5":[0,1],"6":[0,1],"7":[0,0],"8":[0,0]},"inputSourceMap":null,"_coverageSchema":"1a1c01bbd47fc00a2c39e90264f33305004495a9","hash":"a3a06cf3251e7bb7c4fff7c8fc8f4ead790d2b01"}
,"E:\\React\\todo-app\\server\\middleware\\auhtMiddleware.js": {"path":"E:\\React\\todo-app\\server\\middleware\\auhtMiddleware.js","statementMap":{"0":{"start":{"line":4,"column":23},"end":{"line":15,"column":1}},"1":{"start":{"line":5,"column":16},"end":{"line":5,"column":67}},"2":{"start":{"line":6,"column":2},"end":{"line":6,"column":89}},"3":{"start":{"line":6,"column":14},"end":{"line":6,"column":89}},"4":{"start":{"line":8,"column":2},"end":{"line":14,"column":3}},"5":{"start":{"line":9,"column":20},"end":{"line":9,"column":61}},"6":{"start":{"line":10,"column":4},"end":{"line":10,"column":67}},"7":{"start":{"line":11,"column":4},"end":{"line":11,"column":11}},"8":{"start":{"line":13,"column":4},"end":{"line":13,"column":55}}},"fnMap":{"0":{"name":"(anonymous_0)","decl":{"start":{"line":4,"column":23},"end":{"line":4,"column":24}},"loc":{"start":{"line":4,"column":49},"end":{"line":15,"column":1}},"line":4}},"branchMap":{"0":{"loc":{"start":{"line":6,"column":2},"end":{"line":6,"column":89}},"type":"if","locations":[{"start":{"line":6,"column":2},"end":{"line":6,"column":89}},{"start":{},"end":{}}],"line":6}},"s":{"0":2,"1":4,"2":4,"3":0,"4":4,"5":4,"6":4,"7":4,"8":0},"f":{"0":4},"b":{"0":[0,4]},"inputSourceMap":null,"_coverageSchema":"1a1c01bbd47fc00a2c39e90264f33305004495a9","hash":"802de11b7992ec8bb1bef23d69d1c156ed8ccf96"}
,"E:\\React\\todo-app\\server\\middleware\\rateLimit.js": {"path":"E:\\React\\todo-app\\server\\middleware\\rateLimit.js","statementMap":{"0":{"start":{"line":14,"column":19},"end":{"line":22,"column":2}},"1":{"start":{"line":19,"column":4},"end":{"line":19,"column":56}},"2":{"start":{"line":20,"column":4},"end":{"line":20,"column":70}}},"fnMap":{"0":{"name":"(anonymous_0)","decl":{"start":{"line":18,"column":11},"end":{"line":18,"column":12}},"loc":{"start":{"line":18,"column":40},"end":{"line":21,"column":3}},"line":18}},"branchMap":{},"s":{"0":2,"1":0,"2":0},"f":{"0":0},"b":{},"inputSourceMap":null,"_coverageSchema":"1a1c01bbd47fc00a2c39e90264f33305004495a9","hash":"3f771f1f46e53d1694fcb8afde0ab0042bb4fd21"}
,"E:\\React\\todo-app\\server\\models\\Task.js": {"path":"E:\\React\\todo-app\\server\\models\\Task.js","statementMap":{"0":{"start":{"line":3,"column":19},"end":{"line":13,"column":24}},"1":{"start":{"line":15,"column":13},"end":{"line":15,"column":47}}},"fnMap":{},"branchMap":{},"s":{"0":2,"1":2},"f":{},"b":{},"inputSourceMap":null,"_coverageSchema":"1a1c01bbd47fc00a2c39e90264f33305004495a9","hash":"181909c35d6b2f111c047322899c3a5814c0582b"}
,"E:\\React\\todo-app\\server\\models\\User.js": {"path":"E:\\React\\todo-app\\server\\models\\User.js","statementMap":{"0":{"start":{"line":3,"column":19},"end":{"line":7,"column":24}},"1":{"start":{"line":9,"column":13},"end":{"line":9,"column":47}}},"fnMap":{},"branchMap":{},"s":{"0":2,"1":2},"f":{},"b":{},"inputSourceMap":null,"_coverageSchema":"1a1c01bbd47fc00a2c39e90264f33305004495a9","hash":"9fbfc8e507b255ebf895b4c9393dce36afadf765"}
,"E:\\React\\todo-app\\server\\routes\\authRoutes.js": {"path":"E:\\React\\todo-app\\server\\routes\\authRoutes.js","statementMap":{"0":{"start":{"line":4,"column":15},"end":{"line":4,"column":31}},"1":{"start":{"line":6,"column":0},"end":{"line":6,"column":39}},"2":{"start":{"line":7,"column":0},"end":{"line":7,"column":33}}},"fnMap":{},"branchMap":{},"s":{"0":2,"1":2,"2":2},"f":{},"b":{},"inputSourceMap":null,"_coverageSchema":"1a1c01bbd47fc00a2c39e90264f33305004495a9","hash":"e91f5711a877c08c0a3c9be54d53a4ce08173fef"}
,"E:\\React\\todo-app\\server\\routes\\taskRoutes.js": {"path":"E:\\React\\todo-app\\server\\routes\\taskRoutes.js","statementMap":{"0":{"start":{"line":6,"column":15},"end":{"line":6,"column":31}},"1":{"start":{"line":8,"column":0},"end":{"line":8,"column":20}},"2":{"start":{"line":10,"column":0},"end":{"line":10,"column":26}},"3":{"start":{"line":11,"column":0},"end":{"line":11,"column":52}},"4":{"start":{"line":12,"column":0},"end":{"line":12,"column":54}},"5":{"start":{"line":13,"column":0},"end":{"line":13,"column":34}},"6":{"start":{"line":14,"column":0},"end":{"line":14,"column":36}}},"fnMap":{},"branchMap":{},"s":{"0":2,"1":2,"2":2,"3":2,"4":2,"5":2,"6":2},"f":{},"b":{},"inputSourceMap":null,"_coverageSchema":"1a1c01bbd47fc00a2c39e90264f33305004495a9","hash":"b3964924e131c2f14fb51da4ef152023795fca85"}
,"E:\\React\\todo-app\\server\\utils\\generateToken.js": {"path":"E:\\React\\todo-app\\server\\utils\\generateToken.js","statementMap":{"0":{"start":{"line":3,"column":29},"end":{"line":7,"column":1}},"1":{"start":{"line":4,"column":2},"end":{"line":6,"column":5}}},"fnMap":{"0":{"name":"(anonymous_0)","decl":{"start":{"line":3,"column":29},"end":{"line":3,"column":30}},"loc":{"start":{"line":3,"column":41},"end":{"line":7,"column":1}},"line":3}},"branchMap":{},"s":{"0":2,"1":3},"f":{"0":3},"b":{},"inputSourceMap":null,"_coverageSchema":"1a1c01bbd47fc00a2c39e90264f33305004495a9","hash":"a04b4d37f2ecc6741a89fd38ee3bfae7667a5024"}
,"E:\\React\\todo-app\\server\\utils\\upload.js": {"path":"E:\\React\\todo-app\\server\\utils\\upload.js","statementMap":{"0":{"start":{"line":4,"column":16},"end":{"line":12,"column":2}},"1":{"start":{"line":6,"column":4},"end":{"line":6,"column":25}},"2":{"start":{"line":9,"column":16},"end":{"line":9,"column":47}},"3":{"start":{"line":10,"column":4},"end":{"line":10,"column":54}},"4":{"start":{"line":14,"column":15},"end":{"line":14,"column":34}}},"fnMap":{"0":{"name":"(anonymous_0)","decl":{"start":{"line":5,"column":15},"end":{"line":5,"column":16}},"loc":{"start":{"line":5,"column":34},"end":{"line":7,"column":3}},"line":5},"1":{"name":"(anonymous_1)","decl":{"start":{"line":8,"column":12},"end":{"line":8,"column":13}},"loc":{"start":{"line":8,"column":31},"end":{"line":11,"column":3}},"line":8}},"branchMap":{},"s":{"0":2,"1":0,"2":0,"3":0,"4":2},"f":{"0":0,"1":0},"b":{},"inputSourceMap":null,"_coverageSchema":"1a1c01bbd47fc00a2c39e90264f33305004495a9","hash":"f18fac39c0a253e21777bcc6ea1c90a0ba979525"}
}
