TN:
SF:index.js
FN:29,(anonymous_0)
FNF:1
FNH:1
FNDA:2,(anonymous_0)
DA:10,2
DA:11,2
DA:13,2
DA:16,2
DA:17,2
DA:19,2
DA:23,2
DA:24,2
DA:28,2
DA:29,2
LF:10
LH:10
BRDA:28,0,0,2
BRDA:28,0,1,0
BRF:2
BRH:1
end_of_record
TN:
SF:config\db.js
FN:3,(anonymous_0)
FNF:1
FNH:1
FNDA:2,(anonymous_0)
DA:3,2
DA:4,2
DA:5,2
DA:6,2
DA:8,0
DA:9,0
LF:6
LH:4
BRF:0
BRH:0
end_of_record
TN:
SF:controllers\authController.js
FN:5,(anonymous_0)
FN:26,(anonymous_1)
FNF:2
FNH:2
FNDA:1,(anonymous_0)
FNDA:2,(anonymous_1)
DA:5,2
DA:6,1
DA:8,1
DA:9,1
DA:10,1
DA:12,1
DA:13,1
DA:15,1
DA:22,0
DA:26,2
DA:27,2
DA:29,2
DA:30,2
DA:31,2
DA:33,2
DA:34,2
DA:36,2
DA:43,0
LF:18
LH:16
BRDA:10,0,0,0
BRDA:10,0,1,1
BRDA:31,1,0,0
BRDA:31,1,1,2
BRDA:34,2,0,0
BRDA:34,2,1,2
BRF:6
BRH:3
end_of_record
TN:
SF:controllers\taskController.js
FN:4,(anonymous_0)
FN:17,(anonymous_1)
FN:40,(anonymous_2)
FN:59,(anonymous_3)
FN:72,(anonymous_4)
FN:89,(anonymous_5)
FN:102,(anonymous_6)
FNF:7
FNH:4
FNDA:1,(anonymous_0)
FNDA:0,(anonymous_1)
FNDA:1,(anonymous_2)
FNDA:1,(anonymous_3)
FNDA:0,(anonymous_4)
FNDA:1,(anonymous_5)
FNDA:0,(anonymous_6)
DA:4,2
DA:7,1
DA:8,1
DA:9,1
DA:11,1
DA:17,0
DA:21,1
DA:23,0
DA:24,0
DA:40,2
DA:41,1
DA:42,1
DA:51,1
DA:53,0
DA:54,0
DA:59,2
DA:60,1
DA:61,1
DA:66,1
DA:67,0
DA:71,1
DA:72,0
DA:75,1
DA:81,1
DA:82,1
DA:84,0
DA:89,2
DA:90,1
DA:91,1
DA:92,1
DA:93,1
DA:95,0
DA:102,2
DA:103,0
DA:105,0
DA:106,0
DA:107,0
DA:108,0
DA:111,0
DA:117,0
DA:118,0
DA:121,0
DA:123,0
DA:124,0
LF:44
LH:24
BRDA:9,0,0,0
BRDA:9,0,1,1
BRDA:17,1,0,0
BRDA:17,1,1,1
BRDA:66,2,0,0
BRDA:66,2,1,1
BRDA:71,3,0,0
BRDA:71,3,1,1
BRDA:71,4,0,1
BRDA:71,4,1,0
BRDA:81,5,0,0
BRDA:81,5,1,1
BRDA:92,6,0,0
BRDA:92,6,1,1
BRDA:107,7,0,0
BRDA:107,7,1,0
BRDA:117,8,0,0
BRDA:117,8,1,0
BRF:18
BRH:7
end_of_record
TN:
SF:middleware\auhtMiddleware.js
FN:4,(anonymous_0)
FNF:1
FNH:1
FNDA:4,(anonymous_0)
DA:4,2
DA:5,4
DA:6,4
DA:8,4
DA:9,4
DA:10,4
DA:11,4
DA:13,0
LF:8
LH:7
BRDA:6,0,0,0
BRDA:6,0,1,4
BRF:2
BRH:1
end_of_record
TN:
SF:middleware\rateLimit.js
FN:18,(anonymous_0)
FNF:1
FNH:0
FNDA:0,(anonymous_0)
DA:14,2
DA:19,0
DA:20,0
LF:3
LH:1
BRF:0
BRH:0
end_of_record
TN:
SF:models\Task.js
FNF:0
FNH:0
DA:3,2
DA:15,2
LF:2
LH:2
BRF:0
BRH:0
end_of_record
TN:
SF:models\User.js
FNF:0
FNH:0
DA:3,2
DA:9,2
LF:2
LH:2
BRF:0
BRH:0
end_of_record
TN:
SF:routes\authRoutes.js
FNF:0
FNH:0
DA:4,2
DA:6,2
DA:7,2
LF:3
LH:3
BRF:0
BRH:0
end_of_record
TN:
SF:routes\taskRoutes.js
FNF:0
FNH:0
DA:6,2
DA:8,2
DA:10,2
DA:11,2
DA:12,2
DA:13,2
DA:14,2
LF:7
LH:7
BRF:0
BRH:0
end_of_record
TN:
SF:utils\generateToken.js
FN:3,(anonymous_0)
FNF:1
FNH:1
FNDA:3,(anonymous_0)
DA:3,2
DA:4,3
LF:2
LH:2
BRF:0
BRH:0
end_of_record
TN:
SF:utils\upload.js
FN:5,(anonymous_0)
FN:8,(anonymous_1)
FNF:2
FNH:0
FNDA:0,(anonymous_0)
FNDA:0,(anonymous_1)
DA:4,2
DA:6,0
DA:9,0
DA:10,0
DA:14,2
LF:5
LH:2
BRF:0
BRH:0
end_of_record
